{"C:\\Users\\jeffe\\PhpstormProjects\\apiBooks\\src\\config\\authConfig\\index.ts": {"path":"C:\\Users\\jeffe\\PhpstormProjects\\apiBooks\\src\\config\\authConfig\\index.ts","all":false,"statementMap":{"0":{"start":{"line":1,"column":0},"end":{"line":1,"column":23}},"1":{"start":{"line":2,"column":0},"end":{"line":2,"column":19}},"2":{"start":{"line":3,"column":0},"end":{"line":3,"column":0}},"3":{"start":{"line":4,"column":0},"end":{"line":4,"column":1}},"4":{"start":{"line":5,"column":0},"end":{"line":5,"column":0}},"5":{"start":{"line":6,"column":0},"end":{"line":6,"column":0}},"6":{"start":{"line":7,"column":0},"end":{"line":7,"column":29}},"7":{"start":{"line":8,"column":0},"end":{"line":8,"column":43}},"8":{"start":{"line":9,"column":0},"end":{"line":9,"column":1}},"9":{"start":{"line":10,"column":0},"end":{"line":10,"column":0}},"10":{"start":{"line":11,"column":0},"end":{"line":11,"column":21}}},"s":{"0":1,"1":1,"2":1,"3":1,"4":1,"5":1,"6":1,"7":1,"8":1,"9":1,"10":1},"branchMap":{},"b":{},"fnMap":{},"f":{}}
,"C:\\Users\\jeffe\\PhpstormProjects\\apiBooks\\src\\entity\\book\\bookEntity.ts": {"path":"C:\\Users\\jeffe\\PhpstormProjects\\apiBooks\\src\\entity\\book\\bookEntity.ts","all":false,"statementMap":{"0":{"start":{"line":1,"column":0},"end":{"line":1,"column":44}},"1":{"start":{"line":2,"column":0},"end":{"line":2,"column":52}},"2":{"start":{"line":3,"column":0},"end":{"line":3,"column":0}},"3":{"start":{"line":4,"column":0},"end":{"line":4,"column":18}},"4":{"start":{"line":5,"column":0},"end":{"line":5,"column":45}},"5":{"start":{"line":6,"column":0},"end":{"line":6,"column":0}},"6":{"start":{"line":7,"column":0},"end":{"line":7,"column":38}},"7":{"start":{"line":8,"column":0},"end":{"line":8,"column":69}},"8":{"start":{"line":9,"column":0},"end":{"line":9,"column":5}},"9":{"start":{"line":10,"column":0},"end":{"line":10,"column":0}},"10":{"start":{"line":11,"column":0},"end":{"line":11,"column":31}},"11":{"start":{"line":12,"column":0},"end":{"line":12,"column":55}},"12":{"start":{"line":13,"column":0},"end":{"line":13,"column":5}},"13":{"start":{"line":14,"column":0},"end":{"line":14,"column":0}},"14":{"start":{"line":15,"column":0},"end":{"line":15,"column":42}},"15":{"start":{"line":16,"column":0},"end":{"line":16,"column":56}},"16":{"start":{"line":17,"column":0},"end":{"line":17,"column":20}},"17":{"start":{"line":18,"column":0},"end":{"line":18,"column":22}},"18":{"start":{"line":19,"column":0},"end":{"line":19,"column":14}},"19":{"start":{"line":20,"column":0},"end":{"line":20,"column":10}},"20":{"start":{"line":21,"column":0},"end":{"line":21,"column":5}},"21":{"start":{"line":22,"column":0},"end":{"line":22,"column":0}},"22":{"start":{"line":23,"column":0},"end":{"line":23,"column":51}},"23":{"start":{"line":24,"column":0},"end":{"line":24,"column":54}},"24":{"start":{"line":25,"column":0},"end":{"line":25,"column":20}},"25":{"start":{"line":26,"column":0},"end":{"line":26,"column":24}},"26":{"start":{"line":27,"column":0},"end":{"line":27,"column":35}},"27":{"start":{"line":28,"column":0},"end":{"line":28,"column":17}},"28":{"start":{"line":29,"column":0},"end":{"line":29,"column":14}},"29":{"start":{"line":30,"column":0},"end":{"line":30,"column":10}},"30":{"start":{"line":31,"column":0},"end":{"line":31,"column":5}},"31":{"start":{"line":32,"column":0},"end":{"line":32,"column":0}},"32":{"start":{"line":33,"column":0},"end":{"line":33,"column":53}},"33":{"start":{"line":34,"column":0},"end":{"line":34,"column":54}},"34":{"start":{"line":35,"column":0},"end":{"line":35,"column":20}},"35":{"start":{"line":36,"column":0},"end":{"line":36,"column":25}},"36":{"start":{"line":37,"column":0},"end":{"line":37,"column":36}},"37":{"start":{"line":38,"column":0},"end":{"line":38,"column":17}},"38":{"start":{"line":39,"column":0},"end":{"line":39,"column":14}},"39":{"start":{"line":40,"column":0},"end":{"line":40,"column":10}},"40":{"start":{"line":41,"column":0},"end":{"line":41,"column":5}},"41":{"start":{"line":42,"column":0},"end":{"line":42,"column":0}},"42":{"start":{"line":43,"column":0},"end":{"line":43,"column":49}},"43":{"start":{"line":44,"column":0},"end":{"line":44,"column":54}},"44":{"start":{"line":45,"column":0},"end":{"line":45,"column":20}},"45":{"start":{"line":46,"column":0},"end":{"line":46,"column":32}},"46":{"start":{"line":47,"column":0},"end":{"line":47,"column":14}},"47":{"start":{"line":48,"column":0},"end":{"line":48,"column":10}},"48":{"start":{"line":49,"column":0},"end":{"line":49,"column":5}},"49":{"start":{"line":50,"column":0},"end":{"line":50,"column":0}},"50":{"start":{"line":51,"column":0},"end":{"line":51,"column":59}},"51":{"start":{"line":52,"column":0},"end":{"line":52,"column":52}},"52":{"start":{"line":53,"column":0},"end":{"line":53,"column":20}},"53":{"start":{"line":54,"column":0},"end":{"line":54,"column":22}},"54":{"start":{"line":55,"column":0},"end":{"line":55,"column":14}},"55":{"start":{"line":56,"column":0},"end":{"line":56,"column":23}},"56":{"start":{"line":57,"column":0},"end":{"line":57,"column":10}},"57":{"start":{"line":58,"column":0},"end":{"line":58,"column":5}},"58":{"start":{"line":59,"column":0},"end":{"line":59,"column":0}},"59":{"start":{"line":60,"column":0},"end":{"line":60,"column":45}},"60":{"start":{"line":61,"column":0},"end":{"line":61,"column":45}},"61":{"start":{"line":62,"column":0},"end":{"line":62,"column":20}},"62":{"start":{"line":63,"column":0},"end":{"line":63,"column":22}},"63":{"start":{"line":64,"column":0},"end":{"line":64,"column":14}},"64":{"start":{"line":65,"column":0},"end":{"line":65,"column":10}},"65":{"start":{"line":66,"column":0},"end":{"line":66,"column":20}},"66":{"start":{"line":67,"column":0},"end":{"line":67,"column":5}},"67":{"start":{"line":68,"column":0},"end":{"line":68,"column":0}},"68":{"start":{"line":69,"column":0},"end":{"line":69,"column":59}},"69":{"start":{"line":70,"column":0},"end":{"line":70,"column":52}},"70":{"start":{"line":71,"column":0},"end":{"line":71,"column":20}},"71":{"start":{"line":72,"column":0},"end":{"line":72,"column":22}},"72":{"start":{"line":73,"column":0},"end":{"line":73,"column":14}},"73":{"start":{"line":74,"column":0},"end":{"line":74,"column":23}},"74":{"start":{"line":75,"column":0},"end":{"line":75,"column":10}},"75":{"start":{"line":76,"column":0},"end":{"line":76,"column":5}},"76":{"start":{"line":77,"column":0},"end":{"line":77,"column":1}},"77":{"start":{"line":78,"column":0},"end":{"line":78,"column":0}},"78":{"start":{"line":79,"column":0},"end":{"line":79,"column":32}}},"s":{"0":1,"1":1,"2":1,"3":1,"4":1,"5":1,"6":1,"7":0,"8":0,"9":1,"10":1,"11":0,"12":0,"13":1,"14":1,"15":0,"16":0,"17":0,"18":0,"19":0,"20":0,"21":1,"22":1,"23":0,"24":0,"25":0,"26":0,"27":0,"28":0,"29":0,"30":0,"31":1,"32":1,"33":0,"34":0,"35":0,"36":0,"37":0,"38":0,"39":0,"40":0,"41":1,"42":1,"43":0,"44":0,"45":0,"46":0,"47":0,"48":0,"49":1,"50":1,"51":0,"52":0,"53":0,"54":0,"55":0,"56":0,"57":0,"58":1,"59":1,"60":0,"61":0,"62":0,"63":0,"64":0,"65":0,"66":0,"67":1,"68":1,"69":0,"70":0,"71":0,"72":0,"73":0,"74":0,"75":0,"76":1,"77":1,"78":1},"branchMap":{"0":{"type":"branch","line":5,"loc":{"start":{"line":5,"column":11},"end":{"line":5,"column":45}},"locations":[{"start":{"line":5,"column":11},"end":{"line":5,"column":45}}]}},"b":{"0":[1]},"fnMap":{"0":{"name":"<instance_members_initializer>","decl":{"start":{"line":5,"column":11},"end":{"line":5,"column":45}},"loc":{"start":{"line":5,"column":11},"end":{"line":5,"column":45}},"line":5},"1":{"name":"create","decl":{"start":{"line":7,"column":4},"end":{"line":9,"column":5}},"loc":{"start":{"line":7,"column":4},"end":{"line":9,"column":5}},"line":7},"2":{"name":"getAllBook","decl":{"start":{"line":11,"column":4},"end":{"line":13,"column":5}},"loc":{"start":{"line":11,"column":4},"end":{"line":13,"column":5}},"line":11},"3":{"name":"getBookById","decl":{"start":{"line":15,"column":4},"end":{"line":21,"column":5}},"loc":{"start":{"line":15,"column":4},"end":{"line":21,"column":5}},"line":15},"4":{"name":"searchBookByTitle","decl":{"start":{"line":23,"column":4},"end":{"line":31,"column":5}},"loc":{"start":{"line":23,"column":4},"end":{"line":31,"column":5}},"line":23},"5":{"name":"searchBookByAuthor","decl":{"start":{"line":33,"column":4},"end":{"line":41,"column":5}},"loc":{"start":{"line":33,"column":4},"end":{"line":41,"column":5}},"line":33},"6":{"name":"getRentedBook","decl":{"start":{"line":43,"column":4},"end":{"line":49,"column":5}},"loc":{"start":{"line":43,"column":4},"end":{"line":49,"column":5}},"line":43},"7":{"name":"updateBookById","decl":{"start":{"line":51,"column":4},"end":{"line":58,"column":5}},"loc":{"start":{"line":51,"column":4},"end":{"line":58,"column":5}},"line":51},"8":{"name":"deleteBookById","decl":{"start":{"line":60,"column":4},"end":{"line":67,"column":5}},"loc":{"start":{"line":60,"column":4},"end":{"line":67,"column":5}},"line":60},"9":{"name":"rentedBookById","decl":{"start":{"line":69,"column":4},"end":{"line":76,"column":5}},"loc":{"start":{"line":69,"column":4},"end":{"line":76,"column":5}},"line":69}},"f":{"0":1,"1":0,"2":0,"3":0,"4":0,"5":0,"6":0,"7":0,"8":0,"9":0}}
,"C:\\Users\\jeffe\\PhpstormProjects\\apiBooks\\src\\entity\\login\\LoginEntity.ts": {"path":"C:\\Users\\jeffe\\PhpstormProjects\\apiBooks\\src\\entity\\login\\LoginEntity.ts","all":false,"statementMap":{"0":{"start":{"line":1,"column":0},"end":{"line":1,"column":44}},"1":{"start":{"line":2,"column":0},"end":{"line":2,"column":55}},"2":{"start":{"line":3,"column":0},"end":{"line":3,"column":0}},"3":{"start":{"line":4,"column":0},"end":{"line":4,"column":19}},"4":{"start":{"line":5,"column":0},"end":{"line":5,"column":45}},"5":{"start":{"line":6,"column":0},"end":{"line":6,"column":0}},"6":{"start":{"line":7,"column":0},"end":{"line":7,"column":38}},"7":{"start":{"line":8,"column":0},"end":{"line":8,"column":56}},"8":{"start":{"line":9,"column":0},"end":{"line":9,"column":20}},"9":{"start":{"line":10,"column":0},"end":{"line":10,"column":33}},"10":{"start":{"line":11,"column":0},"end":{"line":11,"column":13}},"11":{"start":{"line":12,"column":0},"end":{"line":12,"column":10}},"12":{"start":{"line":13,"column":0},"end":{"line":13,"column":5}},"13":{"start":{"line":14,"column":0},"end":{"line":14,"column":1}},"14":{"start":{"line":15,"column":0},"end":{"line":15,"column":0}},"15":{"start":{"line":16,"column":0},"end":{"line":16,"column":33}}},"s":{"0":1,"1":1,"2":1,"3":1,"4":1,"5":1,"6":1,"7":0,"8":0,"9":0,"10":0,"11":0,"12":0,"13":1,"14":1,"15":1},"branchMap":{"0":{"type":"branch","line":5,"loc":{"start":{"line":5,"column":11},"end":{"line":5,"column":45}},"locations":[{"start":{"line":5,"column":11},"end":{"line":5,"column":45}}]}},"b":{"0":[1]},"fnMap":{"0":{"name":"<instance_members_initializer>","decl":{"start":{"line":5,"column":11},"end":{"line":5,"column":45}},"loc":{"start":{"line":5,"column":11},"end":{"line":5,"column":45}},"line":5},"1":{"name":"login","decl":{"start":{"line":7,"column":4},"end":{"line":13,"column":5}},"loc":{"start":{"line":7,"column":4},"end":{"line":13,"column":5}},"line":7}},"f":{"0":1,"1":0}}
,"C:\\Users\\jeffe\\PhpstormProjects\\apiBooks\\src\\factorys\\login\\response\\responseLoginFactory.ts": {"path":"C:\\Users\\jeffe\\PhpstormProjects\\apiBooks\\src\\factorys\\login\\response\\responseLoginFactory.ts","all":false,"statementMap":{"0":{"start":{"line":1,"column":0},"end":{"line":1,"column":61}},"1":{"start":{"line":2,"column":0},"end":{"line":2,"column":0}},"2":{"start":{"line":3,"column":0},"end":{"line":3,"column":28}},"3":{"start":{"line":4,"column":0},"end":{"line":4,"column":110}},"4":{"start":{"line":5,"column":0},"end":{"line":5,"column":38}},"5":{"start":{"line":6,"column":0},"end":{"line":6,"column":35}},"6":{"start":{"line":7,"column":0},"end":{"line":7,"column":27}},"7":{"start":{"line":8,"column":0},"end":{"line":8,"column":25}},"8":{"start":{"line":9,"column":0},"end":{"line":9,"column":33}},"9":{"start":{"line":10,"column":0},"end":{"line":10,"column":22}},"10":{"start":{"line":11,"column":0},"end":{"line":11,"column":9}},"11":{"start":{"line":12,"column":0},"end":{"line":12,"column":24}},"12":{"start":{"line":13,"column":0},"end":{"line":13,"column":5}},"13":{"start":{"line":14,"column":0},"end":{"line":14,"column":1}},"14":{"start":{"line":15,"column":0},"end":{"line":15,"column":0}},"15":{"start":{"line":16,"column":0},"end":{"line":16,"column":37}}},"s":{"0":1,"1":1,"2":1,"3":1,"4":1,"5":1,"6":1,"7":1,"8":1,"9":1,"10":1,"11":1,"12":1,"13":1,"14":1,"15":1},"branchMap":{"0":{"type":"branch","line":4,"loc":{"start":{"line":4,"column":11},"end":{"line":13,"column":5}},"locations":[{"start":{"line":4,"column":11},"end":{"line":13,"column":5}}]}},"b":{"0":[1]},"fnMap":{"0":{"name":"responseLogin","decl":{"start":{"line":4,"column":11},"end":{"line":13,"column":5}},"loc":{"start":{"line":4,"column":11},"end":{"line":13,"column":5}},"line":4}},"f":{"0":1}}
,"C:\\Users\\jeffe\\PhpstormProjects\\apiBooks\\src\\factorys\\user\\response\\responseUserFactory.ts": {"path":"C:\\Users\\jeffe\\PhpstormProjects\\apiBooks\\src\\factorys\\user\\response\\responseUserFactory.ts","all":false,"statementMap":{"0":{"start":{"line":1,"column":0},"end":{"line":1,"column":56}},"1":{"start":{"line":2,"column":0},"end":{"line":2,"column":0}},"2":{"start":{"line":3,"column":0},"end":{"line":3,"column":27}},"3":{"start":{"line":4,"column":0},"end":{"line":4,"column":99}},"4":{"start":{"line":5,"column":0},"end":{"line":5,"column":33}},"5":{"start":{"line":6,"column":0},"end":{"line":6,"column":35}},"6":{"start":{"line":7,"column":0},"end":{"line":7,"column":27}},"7":{"start":{"line":8,"column":0},"end":{"line":8,"column":29}},"8":{"start":{"line":9,"column":0},"end":{"line":9,"column":23}},"9":{"start":{"line":10,"column":0},"end":{"line":10,"column":9}},"10":{"start":{"line":11,"column":0},"end":{"line":11,"column":24}},"11":{"start":{"line":12,"column":0},"end":{"line":12,"column":5}},"12":{"start":{"line":13,"column":0},"end":{"line":13,"column":1}},"13":{"start":{"line":14,"column":0},"end":{"line":14,"column":0}},"14":{"start":{"line":15,"column":0},"end":{"line":15,"column":35}}},"s":{"0":1,"1":1,"2":1,"3":1,"4":15,"5":15,"6":15,"7":15,"8":15,"9":15,"10":15,"11":15,"12":1,"13":1,"14":1},"branchMap":{"0":{"type":"branch","line":4,"loc":{"start":{"line":4,"column":11},"end":{"line":12,"column":5}},"locations":[{"start":{"line":4,"column":11},"end":{"line":12,"column":5}}]}},"b":{"0":[15]},"fnMap":{"0":{"name":"responseUser","decl":{"start":{"line":4,"column":11},"end":{"line":12,"column":5}},"loc":{"start":{"line":4,"column":11},"end":{"line":12,"column":5}},"line":4}},"f":{"0":15}}
,"C:\\Users\\jeffe\\PhpstormProjects\\apiBooks\\src\\services\\auth\\authService.ts": {"path":"C:\\Users\\jeffe\\PhpstormProjects\\apiBooks\\src\\services\\auth\\authService.ts","all":false,"statementMap":{"0":{"start":{"line":1,"column":0},"end":{"line":1,"column":36}},"1":{"start":{"line":2,"column":0},"end":{"line":2,"column":49}},"2":{"start":{"line":3,"column":0},"end":{"line":3,"column":53}},"3":{"start":{"line":4,"column":0},"end":{"line":4,"column":0}},"4":{"start":{"line":5,"column":0},"end":{"line":5,"column":19}},"5":{"start":{"line":6,"column":0},"end":{"line":6,"column":45}},"6":{"start":{"line":7,"column":0},"end":{"line":7,"column":39}},"7":{"start":{"line":8,"column":0},"end":{"line":8,"column":0}},"8":{"start":{"line":9,"column":0},"end":{"line":9,"column":76}},"9":{"start":{"line":10,"column":0},"end":{"line":10,"column":29}},"10":{"start":{"line":11,"column":0},"end":{"line":11,"column":11}},"11":{"start":{"line":12,"column":0},"end":{"line":12,"column":0}},"12":{"start":{"line":13,"column":0},"end":{"line":13,"column":61}},"13":{"start":{"line":14,"column":0},"end":{"line":14,"column":5}},"14":{"start":{"line":15,"column":0},"end":{"line":15,"column":1}},"15":{"start":{"line":16,"column":0},"end":{"line":16,"column":0}},"16":{"start":{"line":17,"column":0},"end":{"line":17,"column":33}}},"s":{"0":1,"1":1,"2":1,"3":1,"4":1,"5":1,"6":0,"7":0,"8":0,"9":0,"10":0,"11":0,"12":0,"13":0,"14":1,"15":1,"16":1},"branchMap":{},"b":{},"fnMap":{"0":{"name":"authenticate","decl":{"start":{"line":6,"column":4},"end":{"line":14,"column":5}},"loc":{"start":{"line":6,"column":4},"end":{"line":14,"column":5}},"line":6}},"f":{"0":0}}
,"C:\\Users\\jeffe\\PhpstormProjects\\apiBooks\\src\\services\\book\\bookService.ts": {"path":"C:\\Users\\jeffe\\PhpstormProjects\\apiBooks\\src\\services\\book\\bookService.ts","all":false,"statementMap":{"0":{"start":{"line":1,"column":0},"end":{"line":1,"column":52}},"1":{"start":{"line":2,"column":0},"end":{"line":2,"column":56}},"2":{"start":{"line":3,"column":0},"end":{"line":3,"column":85}},"3":{"start":{"line":4,"column":0},"end":{"line":4,"column":0}},"4":{"start":{"line":5,"column":0},"end":{"line":5,"column":19}},"5":{"start":{"line":6,"column":0},"end":{"line":6,"column":0}},"6":{"start":{"line":7,"column":0},"end":{"line":7,"column":55}},"7":{"start":{"line":8,"column":0},"end":{"line":8,"column":0}},"8":{"start":{"line":9,"column":0},"end":{"line":9,"column":38}},"9":{"start":{"line":10,"column":0},"end":{"line":10,"column":55}},"10":{"start":{"line":11,"column":0},"end":{"line":11,"column":104}},"11":{"start":{"line":12,"column":0},"end":{"line":12,"column":5}},"12":{"start":{"line":13,"column":0},"end":{"line":13,"column":0}},"13":{"start":{"line":14,"column":0},"end":{"line":14,"column":31}},"14":{"start":{"line":15,"column":0},"end":{"line":15,"column":55}},"15":{"start":{"line":16,"column":0},"end":{"line":16,"column":81}},"16":{"start":{"line":17,"column":0},"end":{"line":17,"column":5}},"17":{"start":{"line":18,"column":0},"end":{"line":18,"column":0}},"18":{"start":{"line":19,"column":0},"end":{"line":19,"column":42}},"19":{"start":{"line":20,"column":0},"end":{"line":20,"column":58}},"20":{"start":{"line":21,"column":0},"end":{"line":21,"column":104}},"21":{"start":{"line":22,"column":0},"end":{"line":22,"column":81}},"22":{"start":{"line":23,"column":0},"end":{"line":23,"column":5}},"23":{"start":{"line":24,"column":0},"end":{"line":24,"column":0}},"24":{"start":{"line":25,"column":0},"end":{"line":25,"column":51}},"25":{"start":{"line":26,"column":0},"end":{"line":26,"column":67}},"26":{"start":{"line":27,"column":0},"end":{"line":27,"column":119}},"27":{"start":{"line":28,"column":0},"end":{"line":28,"column":81}},"28":{"start":{"line":29,"column":0},"end":{"line":29,"column":5}},"29":{"start":{"line":30,"column":0},"end":{"line":30,"column":0}},"30":{"start":{"line":31,"column":0},"end":{"line":31,"column":53}},"31":{"start":{"line":32,"column":0},"end":{"line":32,"column":69}},"32":{"start":{"line":33,"column":0},"end":{"line":33,"column":120}},"33":{"start":{"line":34,"column":0},"end":{"line":34,"column":81}},"34":{"start":{"line":35,"column":0},"end":{"line":35,"column":5}},"35":{"start":{"line":36,"column":0},"end":{"line":36,"column":0}},"36":{"start":{"line":37,"column":0},"end":{"line":37,"column":49}},"37":{"start":{"line":38,"column":0},"end":{"line":38,"column":64}},"38":{"start":{"line":39,"column":0},"end":{"line":39,"column":113}},"39":{"start":{"line":40,"column":0},"end":{"line":40,"column":81}},"40":{"start":{"line":41,"column":0},"end":{"line":41,"column":5}},"41":{"start":{"line":42,"column":0},"end":{"line":42,"column":0}},"42":{"start":{"line":43,"column":0},"end":{"line":43,"column":59}},"43":{"start":{"line":44,"column":0},"end":{"line":44,"column":61}},"44":{"start":{"line":45,"column":0},"end":{"line":45,"column":26}},"45":{"start":{"line":46,"column":0},"end":{"line":46,"column":32}},"46":{"start":{"line":47,"column":0},"end":{"line":47,"column":24}},"47":{"start":{"line":48,"column":0},"end":{"line":48,"column":37}},"48":{"start":{"line":49,"column":0},"end":{"line":49,"column":13}},"49":{"start":{"line":50,"column":0},"end":{"line":50,"column":60}},"50":{"start":{"line":51,"column":0},"end":{"line":51,"column":70}},"51":{"start":{"line":52,"column":0},"end":{"line":52,"column":9}},"52":{"start":{"line":53,"column":0},"end":{"line":53,"column":99}},"53":{"start":{"line":54,"column":0},"end":{"line":54,"column":5}},"54":{"start":{"line":55,"column":0},"end":{"line":55,"column":0}},"55":{"start":{"line":56,"column":0},"end":{"line":56,"column":45}},"56":{"start":{"line":57,"column":0},"end":{"line":57,"column":61}},"57":{"start":{"line":58,"column":0},"end":{"line":58,"column":26}},"58":{"start":{"line":59,"column":0},"end":{"line":59,"column":160}},"59":{"start":{"line":60,"column":0},"end":{"line":60,"column":48}},"60":{"start":{"line":61,"column":0},"end":{"line":61,"column":70}},"61":{"start":{"line":62,"column":0},"end":{"line":62,"column":9}},"62":{"start":{"line":63,"column":0},"end":{"line":63,"column":99}},"63":{"start":{"line":64,"column":0},"end":{"line":64,"column":5}},"64":{"start":{"line":65,"column":0},"end":{"line":65,"column":0}},"65":{"start":{"line":66,"column":0},"end":{"line":66,"column":45}},"66":{"start":{"line":67,"column":0},"end":{"line":67,"column":61}},"67":{"start":{"line":68,"column":0},"end":{"line":68,"column":26}},"68":{"start":{"line":69,"column":0},"end":{"line":69,"column":146}},"69":{"start":{"line":70,"column":0},"end":{"line":70,"column":32}},"70":{"start":{"line":71,"column":0},"end":{"line":71,"column":31}},"71":{"start":{"line":72,"column":0},"end":{"line":72,"column":37}},"72":{"start":{"line":73,"column":0},"end":{"line":73,"column":13}},"73":{"start":{"line":74,"column":0},"end":{"line":74,"column":73}},"74":{"start":{"line":75,"column":0},"end":{"line":75,"column":103}},"75":{"start":{"line":76,"column":0},"end":{"line":76,"column":9}},"76":{"start":{"line":77,"column":0},"end":{"line":77,"column":99}},"77":{"start":{"line":78,"column":0},"end":{"line":78,"column":5}},"78":{"start":{"line":79,"column":0},"end":{"line":79,"column":1}},"79":{"start":{"line":80,"column":0},"end":{"line":80,"column":0}},"80":{"start":{"line":81,"column":0},"end":{"line":81,"column":33}}},"s":{"0":1,"1":1,"2":1,"3":1,"4":1,"5":1,"6":1,"7":1,"8":1,"9":1,"10":1,"11":1,"12":1,"13":1,"14":1,"15":1,"16":1,"17":1,"18":1,"19":2,"20":2,"21":1,"22":2,"23":1,"24":1,"25":1,"26":1,"27":1,"28":1,"29":1,"30":1,"31":1,"32":1,"33":1,"34":1,"35":1,"36":1,"37":1,"38":1,"39":1,"40":1,"41":1,"42":1,"43":2,"44":2,"45":1,"46":1,"47":1,"48":1,"49":1,"50":1,"51":1,"52":1,"53":2,"54":1,"55":1,"56":3,"57":3,"58":3,"59":1,"60":1,"61":1,"62":0,"63":3,"64":1,"65":1,"66":2,"67":2,"68":2,"69":1,"70":1,"71":1,"72":1,"73":1,"74":1,"75":1,"76":0,"77":2,"78":1,"79":1,"80":1},"branchMap":{"0":{"type":"branch","line":7,"loc":{"start":{"line":7,"column":11},"end":{"line":7,"column":55}},"locations":[{"start":{"line":7,"column":11},"end":{"line":7,"column":55}}]},"1":{"type":"branch","line":9,"loc":{"start":{"line":9,"column":4},"end":{"line":12,"column":5}},"locations":[{"start":{"line":9,"column":4},"end":{"line":12,"column":5}}]},"2":{"type":"branch","line":14,"loc":{"start":{"line":14,"column":4},"end":{"line":17,"column":5}},"locations":[{"start":{"line":14,"column":4},"end":{"line":17,"column":5}}]},"3":{"type":"branch","line":19,"loc":{"start":{"line":19,"column":4},"end":{"line":23,"column":5}},"locations":[{"start":{"line":19,"column":4},"end":{"line":23,"column":5}}]},"4":{"type":"branch","line":21,"loc":{"start":{"line":21,"column":23},"end":{"line":22,"column":81}},"locations":[{"start":{"line":21,"column":23},"end":{"line":22,"column":81}}]},"5":{"type":"branch","line":25,"loc":{"start":{"line":25,"column":4},"end":{"line":29,"column":5}},"locations":[{"start":{"line":25,"column":4},"end":{"line":29,"column":5}}]},"6":{"type":"branch","line":27,"loc":{"start":{"line":27,"column":35},"end":{"line":27,"column":119}},"locations":[{"start":{"line":27,"column":35},"end":{"line":27,"column":119}}]},"7":{"type":"branch","line":31,"loc":{"start":{"line":31,"column":4},"end":{"line":35,"column":5}},"locations":[{"start":{"line":31,"column":4},"end":{"line":35,"column":5}}]},"8":{"type":"branch","line":33,"loc":{"start":{"line":33,"column":35},"end":{"line":33,"column":120}},"locations":[{"start":{"line":33,"column":35},"end":{"line":33,"column":120}}]},"9":{"type":"branch","line":37,"loc":{"start":{"line":37,"column":4},"end":{"line":41,"column":5}},"locations":[{"start":{"line":37,"column":4},"end":{"line":41,"column":5}}]},"10":{"type":"branch","line":39,"loc":{"start":{"line":39,"column":35},"end":{"line":39,"column":113}},"locations":[{"start":{"line":39,"column":35},"end":{"line":39,"column":113}}]},"11":{"type":"branch","line":43,"loc":{"start":{"line":43,"column":4},"end":{"line":54,"column":5}},"locations":[{"start":{"line":43,"column":4},"end":{"line":54,"column":5}}]},"12":{"type":"branch","line":45,"loc":{"start":{"line":45,"column":25},"end":{"line":53,"column":99}},"locations":[{"start":{"line":45,"column":25},"end":{"line":53,"column":99}}]},"13":{"type":"branch","line":56,"loc":{"start":{"line":56,"column":4},"end":{"line":64,"column":5}},"locations":[{"start":{"line":56,"column":4},"end":{"line":64,"column":5}}]},"14":{"type":"branch","line":59,"loc":{"start":{"line":59,"column":47},"end":{"line":59,"column":160}},"locations":[{"start":{"line":59,"column":47},"end":{"line":59,"column":160}}]},"15":{"type":"branch","line":59,"loc":{"start":{"line":59,"column":158},"end":{"line":62,"column":9}},"locations":[{"start":{"line":59,"column":158},"end":{"line":62,"column":9}}]},"16":{"type":"branch","line":62,"loc":{"start":{"line":62,"column":8},"end":{"line":63,"column":99}},"locations":[{"start":{"line":62,"column":8},"end":{"line":63,"column":99}}]},"17":{"type":"branch","line":66,"loc":{"start":{"line":66,"column":4},"end":{"line":78,"column":5}},"locations":[{"start":{"line":66,"column":4},"end":{"line":78,"column":5}}]},"18":{"type":"branch","line":69,"loc":{"start":{"line":69,"column":47},"end":{"line":76,"column":9}},"locations":[{"start":{"line":69,"column":47},"end":{"line":76,"column":9}}]},"19":{"type":"branch","line":76,"loc":{"start":{"line":76,"column":8},"end":{"line":77,"column":99}},"locations":[{"start":{"line":76,"column":8},"end":{"line":77,"column":99}}]}},"b":{"0":[1],"1":[1],"2":[1],"3":[2],"4":[1],"5":[1],"6":[0],"7":[1],"8":[0],"9":[1],"10":[0],"11":[2],"12":[1],"13":[3],"14":[2],"15":[1],"16":[0],"17":[2],"18":[1],"19":[0]},"fnMap":{"0":{"name":"<instance_members_initializer>","decl":{"start":{"line":7,"column":11},"end":{"line":7,"column":55}},"loc":{"start":{"line":7,"column":11},"end":{"line":7,"column":55}},"line":7},"1":{"name":"create","decl":{"start":{"line":9,"column":4},"end":{"line":12,"column":5}},"loc":{"start":{"line":9,"column":4},"end":{"line":12,"column":5}},"line":9},"2":{"name":"getAllBook","decl":{"start":{"line":14,"column":4},"end":{"line":17,"column":5}},"loc":{"start":{"line":14,"column":4},"end":{"line":17,"column":5}},"line":14},"3":{"name":"getBookById","decl":{"start":{"line":19,"column":4},"end":{"line":23,"column":5}},"loc":{"start":{"line":19,"column":4},"end":{"line":23,"column":5}},"line":19},"4":{"name":"searchBookByTitle","decl":{"start":{"line":25,"column":4},"end":{"line":29,"column":5}},"loc":{"start":{"line":25,"column":4},"end":{"line":29,"column":5}},"line":25},"5":{"name":"searchBookByAuthor","decl":{"start":{"line":31,"column":4},"end":{"line":35,"column":5}},"loc":{"start":{"line":31,"column":4},"end":{"line":35,"column":5}},"line":31},"6":{"name":"getRentedBook","decl":{"start":{"line":37,"column":4},"end":{"line":41,"column":5}},"loc":{"start":{"line":37,"column":4},"end":{"line":41,"column":5}},"line":37},"7":{"name":"updateBookById","decl":{"start":{"line":43,"column":4},"end":{"line":54,"column":5}},"loc":{"start":{"line":43,"column":4},"end":{"line":54,"column":5}},"line":43},"8":{"name":"deleteBookById","decl":{"start":{"line":56,"column":4},"end":{"line":64,"column":5}},"loc":{"start":{"line":56,"column":4},"end":{"line":64,"column":5}},"line":56},"9":{"name":"rentedBookById","decl":{"start":{"line":66,"column":4},"end":{"line":78,"column":5}},"loc":{"start":{"line":66,"column":4},"end":{"line":78,"column":5}},"line":66}},"f":{"0":1,"1":1,"2":1,"3":2,"4":1,"5":1,"6":1,"7":2,"8":3,"9":2}}
,"C:\\Users\\jeffe\\PhpstormProjects\\apiBooks\\src\\services\\login\\loginService.ts": {"path":"C:\\Users\\jeffe\\PhpstormProjects\\apiBooks\\src\\services\\login\\loginService.ts","all":false,"statementMap":{"0":{"start":{"line":1,"column":0},"end":{"line":1,"column":55}},"1":{"start":{"line":2,"column":0},"end":{"line":2,"column":59}},"2":{"start":{"line":3,"column":0},"end":{"line":3,"column":83}},"3":{"start":{"line":4,"column":0},"end":{"line":4,"column":86}},"4":{"start":{"line":5,"column":0},"end":{"line":5,"column":60}},"5":{"start":{"line":6,"column":0},"end":{"line":6,"column":0}},"6":{"start":{"line":7,"column":0},"end":{"line":7,"column":20}},"7":{"start":{"line":8,"column":0},"end":{"line":8,"column":0}},"8":{"start":{"line":9,"column":0},"end":{"line":9,"column":59}},"9":{"start":{"line":10,"column":0},"end":{"line":10,"column":61}},"10":{"start":{"line":11,"column":0},"end":{"line":11,"column":0}},"11":{"start":{"line":12,"column":0},"end":{"line":12,"column":38}},"12":{"start":{"line":13,"column":0},"end":{"line":13,"column":0}},"13":{"start":{"line":14,"column":0},"end":{"line":14,"column":39}},"14":{"start":{"line":15,"column":0},"end":{"line":15,"column":0}},"15":{"start":{"line":16,"column":0},"end":{"line":16,"column":34}},"16":{"start":{"line":17,"column":0},"end":{"line":17,"column":97}},"17":{"start":{"line":18,"column":0},"end":{"line":18,"column":9}},"18":{"start":{"line":19,"column":0},"end":{"line":19,"column":59}},"19":{"start":{"line":20,"column":0},"end":{"line":20,"column":0}},"20":{"start":{"line":21,"column":0},"end":{"line":21,"column":28}},"21":{"start":{"line":22,"column":0},"end":{"line":22,"column":93}},"22":{"start":{"line":23,"column":0},"end":{"line":23,"column":9}},"23":{"start":{"line":24,"column":0},"end":{"line":24,"column":0}},"24":{"start":{"line":25,"column":0},"end":{"line":25,"column":61}},"25":{"start":{"line":26,"column":0},"end":{"line":26,"column":28}},"26":{"start":{"line":27,"column":0},"end":{"line":27,"column":35}},"27":{"start":{"line":28,"column":0},"end":{"line":28,"column":41}},"28":{"start":{"line":29,"column":0},"end":{"line":29,"column":10}},"29":{"start":{"line":30,"column":0},"end":{"line":30,"column":0}},"30":{"start":{"line":31,"column":0},"end":{"line":31,"column":78}},"31":{"start":{"line":32,"column":0},"end":{"line":32,"column":0}},"32":{"start":{"line":33,"column":0},"end":{"line":33,"column":95}},"33":{"start":{"line":34,"column":0},"end":{"line":34,"column":5}},"34":{"start":{"line":35,"column":0},"end":{"line":35,"column":1}},"35":{"start":{"line":36,"column":0},"end":{"line":36,"column":0}},"36":{"start":{"line":37,"column":0},"end":{"line":37,"column":34}}},"s":{"0":1,"1":1,"2":1,"3":1,"4":1,"5":1,"6":1,"7":1,"8":1,"9":1,"10":1,"11":1,"12":5,"13":5,"14":5,"15":5,"16":1,"17":1,"18":4,"19":4,"20":5,"21":2,"22":2,"23":2,"24":5,"25":1,"26":1,"27":1,"28":1,"29":1,"30":1,"31":1,"32":1,"33":5,"34":1,"35":1,"36":1},"branchMap":{"0":{"type":"branch","line":9,"loc":{"start":{"line":9,"column":11},"end":{"line":10,"column":61}},"locations":[{"start":{"line":9,"column":11},"end":{"line":10,"column":61}}]},"1":{"type":"branch","line":12,"loc":{"start":{"line":12,"column":4},"end":{"line":34,"column":5}},"locations":[{"start":{"line":12,"column":4},"end":{"line":34,"column":5}}]},"2":{"type":"branch","line":16,"loc":{"start":{"line":16,"column":13},"end":{"line":16,"column":33}},"locations":[{"start":{"line":16,"column":13},"end":{"line":16,"column":33}}]},"3":{"type":"branch","line":16,"loc":{"start":{"line":16,"column":33},"end":{"line":18,"column":9}},"locations":[{"start":{"line":16,"column":33},"end":{"line":18,"column":9}}]},"4":{"type":"branch","line":18,"loc":{"start":{"line":18,"column":8},"end":{"line":21,"column":27}},"locations":[{"start":{"line":18,"column":8},"end":{"line":21,"column":27}}]},"5":{"type":"branch","line":21,"loc":{"start":{"line":21,"column":27},"end":{"line":25,"column":60}},"locations":[{"start":{"line":21,"column":27},"end":{"line":25,"column":60}}]},"6":{"type":"branch","line":25,"loc":{"start":{"line":25,"column":53},"end":{"line":33,"column":95}},"locations":[{"start":{"line":25,"column":53},"end":{"line":33,"column":95}}]}},"b":{"0":[1],"1":[5],"2":[4],"3":[1],"4":[4],"5":[2],"6":[1]},"fnMap":{"0":{"name":"<instance_members_initializer>","decl":{"start":{"line":9,"column":11},"end":{"line":10,"column":61}},"loc":{"start":{"line":9,"column":11},"end":{"line":10,"column":61}},"line":9},"1":{"name":"login","decl":{"start":{"line":12,"column":4},"end":{"line":34,"column":5}},"loc":{"start":{"line":12,"column":4},"end":{"line":34,"column":5}},"line":12}},"f":{"0":1,"1":5}}
}
